
2023-10-15 19:05:01 postgres_master  | The files belonging to this database system will be owned by user "postgres".
2023-10-15 19:05:01 postgres_master  | This user must also own the server process.
2023-10-15 19:05:01 postgres_master  | 
2023-10-15 19:05:01 postgres_master  | The database cluster will be initialized with locale "en_US.utf8".
2023-10-15 19:05:01 postgres_master  | The default database encoding has accordingly been set to "UTF8".
2023-10-15 19:05:01 postgres_master  | The default text search configuration will be set to "english".
2023-10-15 19:05:01 postgres_master  | 
2023-10-15 19:05:01 postgres_master  | Data page checksums are disabled.
2023-10-15 19:05:01 postgres_master  | 
2023-10-15 19:05:01 postgres_master  | fixing permissions on existing directory /var/lib/postgresql/data ... ok
2023-10-15 19:05:01 postgres_master  | creating subdirectories ... ok
2023-10-15 19:05:01 postgres_master  | selecting dynamic shared memory implementation ... posix
2023-10-15 19:05:02 postgres_master  | selecting default max_connections ... 100
2023-10-15 19:05:02 postgres_master  | selecting default shared_buffers ... 128MB
2023-10-15 19:05:02 postgres_master  | selecting default time zone ... Etc/UTC
2023-10-15 19:05:02 postgres_master  | creating configuration files ... ok
2023-10-15 19:05:01 postgres_slave   | The files belonging to this database system will be owned by user "postgres".
2023-10-15 19:05:01 postgres_slave   | This user must also own the server process.
2023-10-15 19:05:01 postgres_slave   | 
2023-10-15 19:05:01 postgres_slave   | The database cluster will be initialized with locale "en_US.utf8".
2023-10-15 19:05:01 postgres_slave   | The default database encoding has accordingly been set to "UTF8".
2023-10-15 19:05:01 postgres_slave   | The default text search configuration will be set to "english".
2023-10-15 19:05:01 postgres_slave   | 
2023-10-15 19:05:01 postgres_slave   | Data page checksums are disabled.
2023-10-15 19:05:01 postgres_slave   | 
2023-10-15 19:05:01 postgres_slave   | fixing permissions on existing directory /var/lib/postgresql/data ... ok
2023-10-15 19:05:01 postgres_slave   | creating subdirectories ... ok
2023-10-15 19:05:01 postgres_slave   | selecting dynamic shared memory implementation ... posix
2023-10-15 19:05:01 postgres_slave   | selecting default max_connections ... 100
2023-10-15 19:05:01 postgres_slave   | selecting default shared_buffers ... 128MB
2023-10-15 19:05:01 postgres_slave   | selecting default time zone ... Etc/UTC
2023-10-15 19:05:01 postgres_slave   | creating configuration files ... ok
2023-10-15 19:05:01 postgres_slave   | running bootstrap script ... ok
2023-10-15 19:05:03 postgres_slave   | performing post-bootstrap initialization ... ok
2023-10-15 19:05:07 postgres_slave   | syncing data to disk ... ok
2023-10-15 19:05:07 postgres_slave   | 
2023-10-15 19:05:07 postgres_slave   | 
2023-10-15 19:05:07 postgres_slave   | Success. You can now start the database server using:
2023-10-15 19:05:07 postgres_slave   | 
2023-10-15 19:05:07 postgres_slave   |     pg_ctl -D /var/lib/postgresql/data -l logfile start
2023-10-15 19:05:07 postgres_slave   | 
2023-10-15 19:05:07 postgres_slave   | initdb: warning: enabling "trust" authentication for local connections
2023-10-15 19:05:07 postgres_slave   | You can change this by editing pg_hba.conf or using the option -A, or
2023-10-15 19:05:07 postgres_slave   | --auth-local and --auth-host, the next time you run initdb.
2023-10-15 19:05:07 postgres_slave   | waiting for server to start....2023-10-15 16:05:07.588 UTC [48] LOG:  starting PostgreSQL 14.5 (Debian 14.5-2.pgdg110+2) on x86_64-pc-linux-gnu, compiled by gcc (Debian 10.2.1-6) 10.2.1 20210110, 64-bit
2023-10-15 19:05:07 postgres_slave   | 2023-10-15 16:05:07.603 UTC [48] LOG:  listening on Unix socket "/var/run/postgresql/.s.PGSQL.5432"
2023-10-15 19:05:07 postgres_slave   | 2023-10-15 16:05:07.636 UTC [49] LOG:  database system was shut down at 2023-10-15 16:05:03 UTC
2023-10-15 19:05:07 postgres_slave   | 2023-10-15 16:05:07.653 UTC [48] LOG:  database system is ready to accept connections
2023-10-15 19:05:07 postgres_slave   |  done
2023-10-15 19:05:07 postgres_slave   | server started
2023-10-15 19:05:08 postgres_slave   | CREATE DATABASE
2023-10-15 19:05:08 postgres_slave   | 
2023-10-15 19:05:08 postgres_slave   | 
2023-10-15 19:05:08 postgres_slave   | /usr/local/bin/docker-entrypoint.sh: running /docker-entrypoint-initdb.d/a-wait-for-master.sh
2023-10-15 19:05:11 postgres_master  | running bootstrap script ... ok
2023-10-15 19:05:26 postgres_master  | performing post-bootstrap initialization ... ok
2023-10-15 19:05:34 postgres_master  | syncing data to disk ... ok
2023-10-15 19:05:34 postgres_master  | 
2023-10-15 19:05:34 postgres_master  | 
2023-10-15 19:05:34 postgres_master  | Success. You can now start the database server using:
2023-10-15 19:05:34 postgres_master  | 
2023-10-15 19:05:34 postgres_master  |     pg_ctl -D /var/lib/postgresql/data -l logfile start
2023-10-15 19:05:34 postgres_master  | 
2023-10-15 19:05:34 postgres_master  | initdb: warning: enabling "trust" authentication for local connections
2023-10-15 19:05:34 postgres_master  | You can change this by editing pg_hba.conf or using the option -A, or
2023-10-15 19:05:34 postgres_master  | --auth-local and --auth-host, the next time you run initdb.
2023-10-15 19:05:34 postgres_master  | waiting for server to start....2023-10-15 16:05:34.625 UTC [48] LOG:  starting PostgreSQL 14.5 (Debian 14.5-2.pgdg110+2) on x86_64-pc-linux-gnu, compiled by gcc (Debian 10.2.1-6) 10.2.1 20210110, 64-bit
2023-10-15 19:05:34 postgres_master  | 2023-10-15 16:05:34.635 UTC [48] LOG:  listening on Unix socket "/var/run/postgresql/.s.PGSQL.5432"
2023-10-15 19:05:34 postgres_master  | 2023-10-15 16:05:34.737 UTC [49] LOG:  database system was shut down at 2023-10-15 16:05:26 UTC
2023-10-15 19:05:34 postgres_master  | 2023-10-15 16:05:34.825 UTC [48] LOG:  database system is ready to accept connections
2023-10-15 19:05:34 postgres_master  |  done
2023-10-15 19:05:34 postgres_master  | server started
2023-10-15 19:05:42 postgres_master  | CREATE DATABASE
2023-10-15 19:05:42 postgres_master  | 
2023-10-15 19:05:42 postgres_master  | 
2023-10-15 19:05:42 postgres_master  | /usr/local/bin/docker-entrypoint.sh: running /docker-entrypoint-initdb.d/createdb.sql
2023-10-15 19:05:43 postgres_master  | CREATE TABLE
2023-10-15 19:05:43 postgres_master  | COPY 2
2023-10-15 19:05:43 postgres_master  | CREATE TABLE
2023-10-15 19:05:43 postgres_master  | COPY 4
2023-10-15 19:05:43 postgres_master  | CREATE TABLE
2023-10-15 19:05:43 postgres_master  | COPY 4
2023-10-15 19:05:43 postgres_master  | CREATE TABLE
2023-10-15 19:05:43 postgres_master  | COPY 7
2023-10-15 19:05:43 postgres_master  | CREATE TABLE
2023-10-15 19:05:43 postgres_master  | CREATE TABLE
2023-10-15 19:05:43 postgres_master  | CREATE TABLE
2023-10-15 19:05:43 postgres_master  | CREATE TABLE
2023-10-15 19:05:43 postgres_master  | COPY 8
2023-10-15 19:05:43 postgres_master  | CREATE TABLE
2023-10-15 19:05:43 postgres_master  | COPY 3
2023-10-15 19:05:43 postgres_master  | CREATE TABLE
2023-10-15 19:05:43 postgres_master  | COPY 5
2023-10-15 19:05:43 postgres_master  | 
2023-10-15 19:05:43 postgres_master  | 
2023-10-15 19:05:43 postgres_master  | /usr/local/bin/docker-entrypoint.sh: running /docker-entrypoint-initdb.d/gmv_stores.sql
2023-10-15 19:05:44 postgres_master  | CREATE VIEW
2023-10-15 19:05:44 postgres_master  |  store_id | category_id | sales_sum 
2023-10-15 19:05:44 postgres_master  | ----------+-------------+-----------
2023-10-15 19:05:44 postgres_master  |         1 |           1 |   3000.00
2023-10-15 19:05:44 postgres_master  |         1 |           4 |    199.00
2023-10-15 19:05:44 postgres_master  |         2 |           2 |     23.00
2023-10-15 19:05:44 postgres_master  |         2 |           3 |     20.00
2023-10-15 19:05:44 postgres_master  | (4 rows)
2023-10-15 19:05:44 postgres_master  | 
2023-10-15 19:05:44 postgres_master  | 
2023-10-15 19:05:44 postgres_master  | 
2023-10-15 19:05:44 postgres_master  | /usr/local/bin/docker-entrypoint.sh: running /docker-entrypoint-initdb.d/init.sh
2023-10-15 19:05:44 postgres_master  | CREATE ROLE
2023-10-15 19:05:44 postgres_master  |         slot_name        | lsn 
2023-10-15 19:05:44 postgres_master  | -------------------------+-----
2023-10-15 19:05:44 postgres_master  |  replication_slot_slave1 | 
2023-10-15 19:05:44 postgres_master  | (1 row)
2023-10-15 19:05:44 postgres_master  | 
2023-10-15 19:05:44 postgres_master  | waiting for checkpoint
2023-10-15 19:06:00 postgres_master  |     0/35200 kB (0%), 0/1 tablespace
2023-10-15 19:06:01 postgres_master  |  1709/35200 kB (4%), 0/1 tablespace
2023-10-15 19:06:02 postgres_master  |  4118/35200 kB (11%), 0/1 tablespace
2023-10-15 19:06:03 postgres_master  |  7250/35200 kB (20%), 0/1 tablespace
2023-10-15 19:06:04 postgres_master  |  8425/35200 kB (23%), 0/1 tablespace
2023-10-15 19:06:05 postgres_master  | 10708/35200 kB (30%), 0/1 tablespace
2023-10-15 19:06:06 postgres_master  | 14231/35200 kB (40%), 0/1 tablespace
2023-10-15 19:06:07 postgres_master  | 16384/35200 kB (46%), 0/1 tablespace
2023-10-15 19:06:08 postgres_master  | 18553/35200 kB (52%), 0/1 tablespace
2023-10-15 19:06:09 postgres_master  | 20688/35200 kB (58%), 0/1 tablespace
2023-10-15 19:06:10 postgres_master  | 23602/35200 kB (67%), 0/1 tablespace
2023-10-15 19:06:11 postgres_master  | 25364/35200 kB (72%), 0/1 tablespace
2023-10-15 19:06:12 postgres_master  | 27496/35200 kB (78%), 0/1 tablespace
2023-10-15 19:06:13 postgres_master  | 29803/35200 kB (84%), 0/1 tablespace
2023-10-15 19:06:14 postgres_master  | 33119/35200 kB (94%), 0/1 tablespace
2023-10-15 19:06:15 postgres_master  | 34381/35200 kB (97%), 0/1 tablespace
2023-10-15 19:06:16 postgres_master  | 35124/35200 kB (99%), 0/1 tablespace
2023-10-15 19:06:16 postgres_master  | 35209/35209 kB (100%), 0/1 tablespace
2023-10-15 19:06:16 postgres_master  | 35209/35209 kB (100%), 1/1 tablespace
2023-10-15 19:06:27 postgres_master  | 
2023-10-15 19:06:27 postgres_master  | 2023-10-15 16:06:27.104 UTC [48] LOG:  received fast shutdown request
2023-10-15 19:06:27 postgres_master  | waiting for server to shut down...2023-10-15 16:06:27.120 UTC [48] LOG:  aborting any active transactions
2023-10-15 19:06:27 postgres_master  | 2023-10-15 16:06:27.124 UTC [48] LOG:  background worker "logical replication launcher" (PID 55) exited with exit code 1
2023-10-15 19:06:27 postgres_master  | 2023-10-15 16:06:27.124 UTC [50] LOG:  shutting down
2023-10-15 19:06:27 postgres_master  | .2023-10-15 16:06:27.461 UTC [48] LOG:  database system is shut down
2023-10-15 19:06:27 postgres_master  |  done
2023-10-15 19:06:27 postgres_master  | server stopped
2023-10-15 19:06:27 postgres_master  | 
2023-10-15 19:06:27 postgres_master  | PostgreSQL init process complete; ready for start up.
2023-10-15 19:06:27 postgres_master  | 
2023-10-15 19:06:27 postgres_master  | 2023-10-15 16:06:27.679 UTC [1] LOG:  starting PostgreSQL 14.5 (Debian 14.5-2.pgdg110+2) on x86_64-pc-linux-gnu, compiled by gcc (Debian 10.2.1-6) 10.2.1 20210110, 64-bit
2023-10-15 19:06:27 postgres_master  | 2023-10-15 16:06:27.680 UTC [1] LOG:  listening on IPv4 address "0.0.0.0", port 5432
2023-10-15 19:06:27 postgres_master  | 2023-10-15 16:06:27.680 UTC [1] LOG:  listening on IPv6 address "::", port 5432
2023-10-15 19:06:27 postgres_master  | 2023-10-15 16:06:27.700 UTC [1] LOG:  listening on Unix socket "/var/run/postgresql/.s.PGSQL.5432"
2023-10-15 19:06:27 postgres_master  | 2023-10-15 16:06:27.802 UTC [78] LOG:  database system was shut down at 2023-10-15 16:06:27 UTC
2023-10-15 19:06:27 postgres_master  | 2023-10-15 16:06:27.919 UTC [1] LOG:  database system is ready to accept connections
2023-10-15 19:07:09 postgres_slave   | 
2023-10-15 19:07:09 postgres_slave   | /usr/local/bin/docker-entrypoint.sh: running /docker-entrypoint-initdb.d/createdb.sql
2023-10-15 19:07:09 postgres_slave   | CREATE TABLE
2023-10-15 19:07:09 postgres_slave   | COPY 2
2023-10-15 19:07:09 postgres_slave   | CREATE TABLE
2023-10-15 19:07:09 postgres_slave   | COPY 4
2023-10-15 19:07:09 postgres_slave   | CREATE TABLE
2023-10-15 19:07:09 postgres_slave   | COPY 4
2023-10-15 19:07:09 postgres_slave   | CREATE TABLE
2023-10-15 19:07:09 postgres_slave   | COPY 7
2023-10-15 19:07:09 postgres_slave   | CREATE TABLE
2023-10-15 19:07:09 postgres_slave   | CREATE TABLE
2023-10-15 19:07:09 postgres_slave   | CREATE TABLE
2023-10-15 19:07:09 postgres_slave   | CREATE TABLE
2023-10-15 19:07:09 postgres_slave   | COPY 8
2023-10-15 19:07:09 postgres_slave   | CREATE TABLE
2023-10-15 19:07:09 postgres_slave   | COPY 3
2023-10-15 19:07:09 postgres_slave   | CREATE TABLE
2023-10-15 19:07:09 postgres_slave   | COPY 5
2023-10-15 19:07:09 postgres_slave   | 
2023-10-15 19:07:09 postgres_slave   | 
2023-10-15 19:07:09 postgres_slave   | /usr/local/bin/docker-entrypoint.sh: running /docker-entrypoint-initdb.d/gmv_stores.sql
2023-10-15 19:07:09 postgres_slave   | CREATE VIEW
2023-10-15 19:07:09 postgres_slave   |  store_id | category_id | sales_sum 
2023-10-15 19:07:09 postgres_slave   | ----------+-------------+-----------
2023-10-15 19:07:09 postgres_slave   |         1 |           1 |   3000.00
2023-10-15 19:07:09 postgres_slave   |         1 |           4 |    199.00
2023-10-15 19:07:09 postgres_slave   |         2 |           2 |     23.00
2023-10-15 19:07:09 postgres_slave   |         2 |           3 |     20.00
2023-10-15 19:07:09 postgres_slave   | (4 rows)
2023-10-15 19:07:09 postgres_slave   | 
2023-10-15 19:07:09 postgres_slave   | 
2023-10-15 19:07:09 postgres_slave   | 
2023-10-15 19:07:09 postgres_slave   | waiting for server to shut down...2023-10-15 16:07:09.950 UTC [48] LOG:  received fast shutdown request
2023-10-15 19:07:09 postgres_slave   | .2023-10-15 16:07:09.967 UTC [48] LOG:  aborting any active transactions
2023-10-15 19:07:09 postgres_slave   | 2023-10-15 16:07:09.969 UTC [48] LOG:  background worker "logical replication launcher" (PID 55) exited with exit code 1
2023-10-15 19:07:09 postgres_slave   | 2023-10-15 16:07:09.971 UTC [50] LOG:  shutting down
2023-10-15 19:07:10 postgres_slave   | 2023-10-15 16:07:10.363 UTC [48] LOG:  database system is shut down
2023-10-15 19:07:10 postgres_slave   |  done
2023-10-15 19:07:10 postgres_slave   | server stopped
2023-10-15 19:07:10 postgres_slave   | 
2023-10-15 19:07:10 postgres_slave   | PostgreSQL init process complete; ready for start up.
2023-10-15 19:07:10 postgres_slave   | 
2023-10-15 19:07:10 postgres_slave   | 2023-10-15 16:07:10.495 UTC [1] LOG:  starting PostgreSQL 14.5 (Debian 14.5-2.pgdg110+2) on x86_64-pc-linux-gnu, compiled by gcc (Debian 10.2.1-6) 10.2.1 20210110, 64-bit
2023-10-15 19:07:10 postgres_slave   | 2023-10-15 16:07:10.495 UTC [1] LOG:  listening on IPv4 address "0.0.0.0", port 5432
2023-10-15 19:07:10 postgres_slave   | 2023-10-15 16:07:10.495 UTC [1] LOG:  listening on IPv6 address "::", port 5432
2023-10-15 19:07:10 postgres_slave   | 2023-10-15 16:07:10.513 UTC [1] LOG:  listening on Unix socket "/var/run/postgresql/.s.PGSQL.5432"
2023-10-15 19:07:10 postgres_slave   | 2023-10-15 16:07:10.535 UTC [70] LOG:  database system was shut down at 2023-10-15 16:07:10 UTC
2023-10-15 19:07:10 postgres_slave   | 2023-10-15 16:07:10.551 UTC [1] LOG:  database system is ready to accept connections
